
/home/runner/work/exp-weldzone-evaluation-iitkgp/exp-weldzone-evaluation-iitkgp/experiment/license/view.js
  1:246  warning  Unnecessary semicolon  no-extra-semi

/home/runner/work/exp-weldzone-evaluation-iitkgp/exp-weldzone-evaluation-iitkgp/experiment/simulation/js/adimiceval.js
   8:1   warning  '$' is not defined                  no-undef
   9:1   warning  '$' is not defined                  no-undef
  10:1   warning  '$' is not defined                  no-undef
  13:10  warning  'adimes' is defined but never used  no-unused-vars
  15:9   warning  '$' is not defined                  no-undef
  19:9   warning  '$' is not defined                  no-undef
  24:13  warning  '$' is not defined                  no-undef
  25:13  warning  '$' is not defined                  no-undef
  28:13  warning  '$' is not defined                  no-undef
  29:13  warning  '$' is not defined                  no-undef
  35:9   warning  '$' is not defined                  no-undef
  36:5   warning  '$' is not defined                  no-undef
  37:5   warning  '$' is not defined                  no-undef
  38:5   warning  '$' is not defined                  no-undef
  39:9   warning  '$' is not defined                  no-undef
  43:9   warning  '$' is not defined                  no-undef
  44:5   warning  '$' is not defined                  no-undef
  45:5   warning  '$' is not defined                  no-undef
  46:5   warning  '$' is not defined                  no-undef
  47:9   warning  '$' is not defined                  no-undef
  53:2   warning  Unnecessary semicolon               no-extra-semi

✖ 22 problems (0 errors, 22 warnings)
  0 errors and 2 warnings potentially fixable with the `--fix` option.

